Using pre-set license
Built from '2021.3/staging' branch; Version is '2021.3.9f1 (ad3870b89536) revision 11352176'; Using compiler version '192829333'; Build Type 'Release'
OS: 'Windows 10  (10.0.19044) 64bit Core' Language: 'ko' Physical Memory: 16315 MB
BatchMode: 1, IsHumanControllingUs: 0, StartBugReporterOnCrash: 0, Is64bit: 1, IsPro: 1

COMMAND LINE ARGUMENTS:
D:\Unity\2021.3.9f1\Editor\Unity.exe
-adb2
-batchMode
-noUpm
-name
AssetImportWorker6
-projectPath
E:/Making/123
-logFile
Logs/AssetImportWorker6.log
-srvPort
51397
Successfully changed project path to: E:/Making/123
E:/Making/123
[UnityMemory] Configuration Parameters - Can be set up in boot.config
    "memorysetup-bucket-allocator-granularity=16"
    "memorysetup-bucket-allocator-bucket-count=8"
    "memorysetup-bucket-allocator-block-size=33554432"
    "memorysetup-bucket-allocator-block-count=8"
    "memorysetup-main-allocator-block-size=16777216"
    "memorysetup-thread-allocator-block-size=16777216"
    "memorysetup-gfx-main-allocator-block-size=16777216"
    "memorysetup-gfx-thread-allocator-block-size=16777216"
    "memorysetup-cache-allocator-block-size=4194304"
    "memorysetup-typetree-allocator-block-size=2097152"
    "memorysetup-profiler-bucket-allocator-granularity=16"
    "memorysetup-profiler-bucket-allocator-bucket-count=8"
    "memorysetup-profiler-bucket-allocator-block-size=33554432"
    "memorysetup-profiler-bucket-allocator-block-count=8"
    "memorysetup-profiler-allocator-block-size=16777216"
    "memorysetup-profiler-editor-allocator-block-size=1048576"
    "memorysetup-temp-allocator-size-main=16777216"
    "memorysetup-job-temp-allocator-block-size=2097152"
    "memorysetup-job-temp-allocator-block-size-background=1048576"
    "memorysetup-job-temp-allocator-reduction-small-platforms=262144"
    "memorysetup-temp-allocator-size-background-worker=32768"
    "memorysetup-temp-allocator-size-job-worker=262144"
    "memorysetup-temp-allocator-size-preload-manager=33554432"
    "memorysetup-temp-allocator-size-nav-mesh-worker=65536"
    "memorysetup-temp-allocator-size-audio-worker=65536"
    "memorysetup-temp-allocator-size-cloud-worker=32768"
    "memorysetup-temp-allocator-size-gi-baking-worker=262144"
    "memorysetup-temp-allocator-size-gfx=262144"
Refreshing native plugins compatible for Editor in 91.18 ms, found 3 plugins.
Preloading 0 native plugins for Editor in 0.00 ms.
Initialize engine version: 2021.3.9f1 (ad3870b89536)
[Subsystems] Discovering subsystems at path D:/Unity/2021.3.9f1/Editor/Data/Resources/UnitySubsystems
[Subsystems] Discovering subsystems at path E:/Making/123/Assets
GfxDevice: creating device client; threaded=0; jobified=0
Direct3D:
    Version:  Direct3D 11.0 [level 11.1]
    Renderer: NVIDIA GeForce RTX 2060 (ID=0x1f08)
    Vendor:   NVIDIA
    VRAM:     5968 MB
    Driver:   31.0.15.3118
Initialize mono
Mono path[0] = 'D:/Unity/2021.3.9f1/Editor/Data/Managed'
Mono path[1] = 'D:/Unity/2021.3.9f1/Editor/Data/MonoBleedingEdge/lib/mono/unityjit-win32'
Mono config path = 'D:/Unity/2021.3.9f1/Editor/Data/MonoBleedingEdge/etc'
Using monoOptions --debugger-agent=transport=dt_socket,embedding=1,server=y,suspend=n,address=127.0.0.1:56532
Begin MonoManager ReloadAssembly
Registering precompiled unity dll's ...
Register platform support module: D:/Unity/2021.3.9f1/Editor/Data/PlaybackEngines/WindowsStandaloneSupport/UnityEditor.WindowsStandalone.Extensions.dll
Registered in 0.004784 seconds.
Native extension for WindowsStandalone target not found
Refreshing native plugins compatible for Editor in 92.25 ms, found 3 plugins.
Preloading 0 native plugins for Editor in 0.00 ms.
Mono: successfully reloaded assembly
- Completed reload, in  0.750 seconds
Domain Reload Profiling:
	ReloadAssembly (751ms)
		BeginReloadAssembly (108ms)
			ExecutionOrderSort (0ms)
			DisableScriptedObjects (0ms)
			BackupInstance (0ms)
			ReleaseScriptingObjects (0ms)
			CreateAndSetChildDomain (1ms)
		EndReloadAssembly (522ms)
			LoadAssemblies (108ms)
			RebuildTransferFunctionScriptingTraits (0ms)
			SetupTypeCache (125ms)
			ReleaseScriptCaches (0ms)
			RebuildScriptCaches (29ms)
			SetupLoadedEditorAssemblies (309ms)
				LogAssemblyErrors (0ms)
				InitializePlatformSupportModulesInManaged (8ms)
				SetLoadedEditorAssemblies (0ms)
				RefreshPlugins (92ms)
				BeforeProcessingInitializeOnLoad (1ms)
				ProcessInitializeOnLoadAttributes (145ms)
				ProcessInitializeOnLoadMethodAttributes (62ms)
				AfterProcessingInitializeOnLoad (0ms)
				EditorAssembliesLoaded (0ms)
			ExecutionOrderSort2 (0ms)
			AwakeInstancesAfterBackupRestoration (0ms)
Platform modules already initialized, skipping
Registering precompiled user dll's ...
Registered in 0.009574 seconds.
Begin MonoManager ReloadAssembly
Symbol file LoadedFromMemory doesn't match image E:\Making\123\Library\PackageCache\com.unity.visualscripting@1.7.8\Editor\VisualScripting.Core\Dependencies\YamlDotNet\Unity.VisualScripting.YamlDotNet.dll
Symbol file LoadedFromMemory doesn't match image E:\Making\123\Library\PackageCache\com.unity.visualscripting@1.7.8\Editor\VisualScripting.Core\Dependencies\DotNetZip\Unity.VisualScripting.IonicZip.dll
Native extension for WindowsStandalone target not found
Refreshing native plugins compatible for Editor in 0.59 ms, found 3 plugins.
Preloading 0 native plugins for Editor in 0.00 ms.
Mono: successfully reloaded assembly
- Completed reload, in  1.215 seconds
Domain Reload Profiling:
	ReloadAssembly (1216ms)
		BeginReloadAssembly (156ms)
			ExecutionOrderSort (0ms)
			DisableScriptedObjects (7ms)
			BackupInstance (0ms)
			ReleaseScriptingObjects (0ms)
			CreateAndSetChildDomain (21ms)
		EndReloadAssembly (913ms)
			LoadAssemblies (144ms)
			RebuildTransferFunctionScriptingTraits (0ms)
			SetupTypeCache (299ms)
			ReleaseScriptCaches (1ms)
			RebuildScriptCaches (54ms)
			SetupLoadedEditorAssemblies (402ms)
				LogAssemblyErrors (0ms)
				InitializePlatformSupportModulesInManaged (5ms)
				SetLoadedEditorAssemblies (1ms)
				RefreshPlugins (1ms)
				BeforeProcessingInitializeOnLoad (89ms)
				ProcessInitializeOnLoadAttributes (265ms)
				ProcessInitializeOnLoadMethodAttributes (36ms)
				AfterProcessingInitializeOnLoad (5ms)
				EditorAssembliesLoaded (0ms)
			ExecutionOrderSort2 (0ms)
			AwakeInstancesAfterBackupRestoration (15ms)
Platform modules already initialized, skipping
========================================================================
Worker process is ready to serve import requests
Launched and connected shader compiler UnityShaderCompiler.exe after 0.06 seconds
Refreshing native plugins compatible for Editor in 0.65 ms, found 3 plugins.
Preloading 0 native plugins for Editor in 0.00 ms.
Unloading 3380 Unused Serialized files (Serialized files now loaded: 0)
Unloading 27 unused Assets / (111.4 KB). Loaded Objects now: 3839.
Memory consumption went from 116.3 MB to 116.2 MB.
Total: 3.983900 ms (FindLiveObjects: 0.367700 ms CreateObjectMapping: 0.132700 ms MarkObjects: 3.344100 ms  DeleteObjects: 0.138000 ms)

AssetImportParameters requested are different than current active one (requested -> active):
  custom:video-decoder-ogg-theora: a1e56fd34408186e4bbccfd4996cb3dc -> 
  custom:container-muxer-webm: aa71ff27fc2769a1b78a27578f13a17b -> 
  custom:container-demuxer-webm: 4f35f7cbe854078d1ac9338744f61a02 -> 
  custom:video-encoder-webm-vp8: eb34c28f22e8b96e1ab97ce403110664 -> 
  custom:audio-encoder-webm-vorbis: bf7c407c2cedff20999df2af8eb42d56 -> 
  custom:framework-win-MediaFoundation: 216162199b28c13a410421893ffa2e32 -> 
  custom:container-demuxer-ogg: 62fdf1f143b41e24485cea50d1cbac27 -> 
  custom:video-decoder-webm-vp8: 9c59270c3fd7afecdb556c50c9e8de78 -> 
  custom:audio-decoder-ogg-vorbis: bf7c407c2cedff20999df2af8eb42d56 -> 
========================================================================
Received Import Request.
  Time since last request: 435454.125560 seconds.
  path: Assets/Scenes/Ex2/Lightmap-0_comp_light.exr
  artifactKey: Guid(8b24944ffff609243bb84ea4a2f9f478) Importer(815301076,1909f56bfc062723c751e8b465ee728b)
Start importing Assets/Scenes/Ex2/Lightmap-0_comp_light.exr using Guid(8b24944ffff609243bb84ea4a2f9f478) Importer(815301076,1909f56bfc062723c751e8b465ee728b)  -> (artifact id: '38e1fdc67c6562d05843cf5c1f8bb042') in 0.136383 seconds 
========================================================================
Received Import Request.
  Time since last request: 31.499052 seconds.
  path: Assets/RPGPP_LT/Models/Structures/rpgpp_lt_building_03.fbx
  artifactKey: Guid(52eeab1f0ce4d934591972b6df5d179b) Importer(815301076,1909f56bfc062723c751e8b465ee728b)
Start importing Assets/RPGPP_LT/Models/Structures/rpgpp_lt_building_03.fbx using Guid(52eeab1f0ce4d934591972b6df5d179b) Importer(815301076,1909f56bfc062723c751e8b465ee728b)  -> (artifact id: '5372148db35ac8cd4160f2a914429bca') in 0.093066 seconds 
========================================================================
Received Import Request.
  Time since last request: 83.598258 seconds.
  path: Assets/Scenes/SampleScene/LightingData.asset
  artifactKey: Guid(3c9c5ea353d280f4cb91a628e281b774) Importer(815301076,1909f56bfc062723c751e8b465ee728b)
Start importing Assets/Scenes/SampleScene/LightingData.asset using Guid(3c9c5ea353d280f4cb91a628e281b774) Importer(815301076,1909f56bfc062723c751e8b465ee728b)  -> (artifact id: '29066de9382ad6bed37d277703a162d4') in 0.008434 seconds 
========================================================================
Received Import Request.
  Time since last request: 0.000028 seconds.
  path: Assets/Scenes/SampleScene/ReflectionProbe-0.exr
  artifactKey: Guid(cd1875ba0b408824e84b31809983ea83) Importer(815301076,1909f56bfc062723c751e8b465ee728b)
Start importing Assets/Scenes/SampleScene/ReflectionProbe-0.exr using Guid(cd1875ba0b408824e84b31809983ea83) Importer(815301076,1909f56bfc062723c751e8b465ee728b)  -> (artifact id: '4e7cabcb4df806d81a83cb99ccce7362') in 0.032197 seconds 
========================================================================
Received Import Request.
  Time since last request: 4.343463 seconds.
  path: Assets/Scenes/SampleScene.unity
  artifactKey: Guid(9fc0d4010bbf28b4594072e72b8655ab) Importer(815301076,1909f56bfc062723c751e8b465ee728b)
Start importing Assets/Scenes/SampleScene.unity using Guid(9fc0d4010bbf28b4594072e72b8655ab) Importer(815301076,1909f56bfc062723c751e8b465ee728b)  -> (artifact id: '2c129553074d7ad92785bceba8418ee8') in 0.009024 seconds 
========================================================================
Received Import Request.
  Time since last request: 164.421321 seconds.
  path: Assets/Scenes/Ex2/LightingData.asset
  artifactKey: Guid(0582eb83d3355c943b988252501057ac) Importer(815301076,1909f56bfc062723c751e8b465ee728b)
Start importing Assets/Scenes/Ex2/LightingData.asset using Guid(0582eb83d3355c943b988252501057ac) Importer(815301076,1909f56bfc062723c751e8b465ee728b)  -> (artifact id: '54f5a50b2462110fef7b233382d4d5fa') in 0.011753 seconds 
========================================================================
Received Import Request.
  Time since last request: 0.000028 seconds.
  path: Assets/Scenes/Ex2/Lightmap-1_comp_light.exr
  artifactKey: Guid(431ac722567d2a24a8514e77dcac4cda) Importer(815301076,1909f56bfc062723c751e8b465ee728b)
Start importing Assets/Scenes/Ex2/Lightmap-1_comp_light.exr using Guid(431ac722567d2a24a8514e77dcac4cda) Importer(815301076,1909f56bfc062723c751e8b465ee728b)  -> (artifact id: '63219be9a90d7f4950078b56973d4279') in 0.016733 seconds 
========================================================================
Received Import Request.
  Time since last request: 8.313948 seconds.
  path: Assets/Scenes/Ex2
  artifactKey: Guid(691eb7b91d7df1640be1e88b43281d20) Importer(815301076,1909f56bfc062723c751e8b465ee728b)
Start importing Assets/Scenes/Ex2 using Guid(691eb7b91d7df1640be1e88b43281d20) Importer(815301076,1909f56bfc062723c751e8b465ee728b)  -> (artifact id: '272178b49036d5ef42d64e0377995a71') in 0.008919 seconds 
========================================================================
Received Import Request.
  Time since last request: 26.830085 seconds.
  path: Assets/Scenes/Ex2/LightingData.asset
  artifactKey: Guid(0582eb83d3355c943b988252501057ac) Importer(815301076,1909f56bfc062723c751e8b465ee728b)
Start importing Assets/Scenes/Ex2/LightingData.asset using Guid(0582eb83d3355c943b988252501057ac) Importer(815301076,1909f56bfc062723c751e8b465ee728b)  -> (artifact id: '62b26082f54e8392a21b98d19023fb99') in 0.004403 seconds 
========================================================================
Received Import Request.
  Time since last request: 0.056532 seconds.
  path: Assets/Scenes/Ex2/Lightmap-0_comp_light.exr
  artifactKey: Guid(8b24944ffff609243bb84ea4a2f9f478) Importer(815301076,1909f56bfc062723c751e8b465ee728b)
Start importing Assets/Scenes/Ex2/Lightmap-0_comp_light.exr using Guid(8b24944ffff609243bb84ea4a2f9f478) Importer(815301076,1909f56bfc062723c751e8b465ee728b)  -> (artifact id: 'c09f59316a0d3576533192391abb0a25') in 0.020346 seconds 
========================================================================
Received Import Request.
  Time since last request: 0.000045 seconds.
  path: Assets/Scenes/Ex2/Lightmap-1_comp_light.exr
  artifactKey: Guid(431ac722567d2a24a8514e77dcac4cda) Importer(815301076,1909f56bfc062723c751e8b465ee728b)
Start importing Assets/Scenes/Ex2/Lightmap-1_comp_light.exr using Guid(431ac722567d2a24a8514e77dcac4cda) Importer(815301076,1909f56bfc062723c751e8b465ee728b)  -> (artifact id: 'f60055869d713b2ad67eb48d6c94c4be') in 0.017732 seconds 
========================================================================
Received Import Request.
  Time since last request: 0.000043 seconds.
  path: Assets/Scenes/Ex2/Lightmap-2_comp_light.exr
  artifactKey: Guid(a7858336f5ff781419fd8ccbd4fd46b5) Importer(815301076,1909f56bfc062723c751e8b465ee728b)
Start importing Assets/Scenes/Ex2/Lightmap-2_comp_light.exr using Guid(a7858336f5ff781419fd8ccbd4fd46b5) Importer(815301076,1909f56bfc062723c751e8b465ee728b)  -> (artifact id: '7081b5df0e8b6dc5654fad13c361075b') in 0.014988 seconds 
========================================================================
Received Import Request.
  Time since last request: 89.519818 seconds.
  path: Assets/RPGPP_LT/Prefabs/Props/Furniture/Hangers/rpgpp_lt_hanger_clothes_01.prefab
  artifactKey: Guid(9e6377f4cae22eb4194f71c6e76c37b9) Importer(815301076,1909f56bfc062723c751e8b465ee728b)
Start importing Assets/RPGPP_LT/Prefabs/Props/Furniture/Hangers/rpgpp_lt_hanger_clothes_01.prefab using Guid(9e6377f4cae22eb4194f71c6e76c37b9) Importer(815301076,1909f56bfc062723c751e8b465ee728b)  -> (artifact id: 'c7e2481c96d261c19d5c9f1ffa42d316') in 0.021303 seconds 
========================================================================
Received Import Request.
  Time since last request: 0.559955 seconds.
  path: Assets/RPGPP_LT/Prefabs/Props/Furniture/Chairs/rpgpp_lt_chair_01a.prefab
  artifactKey: Guid(af46e0e24402dfa49aea336191bc47ab) Importer(815301076,1909f56bfc062723c751e8b465ee728b)
Start importing Assets/RPGPP_LT/Prefabs/Props/Furniture/Chairs/rpgpp_lt_chair_01a.prefab using Guid(af46e0e24402dfa49aea336191bc47ab) Importer(815301076,1909f56bfc062723c751e8b465ee728b)  -> (artifact id: 'f6a345448b8051f9c9f63aeef7f5af0c') in 0.017560 seconds 
========================================================================
Received Import Request.
  Time since last request: 5.597149 seconds.
  path: Assets/RPGPP_LT/Prefabs/Props/Wood/rpgpp_lt_log_wood_01.prefab
  artifactKey: Guid(bbb972e8372282f4093c9484693385fd) Importer(815301076,1909f56bfc062723c751e8b465ee728b)
Start importing Assets/RPGPP_LT/Prefabs/Props/Wood/rpgpp_lt_log_wood_01.prefab using Guid(bbb972e8372282f4093c9484693385fd) Importer(815301076,1909f56bfc062723c751e8b465ee728b)  -> (artifact id: '60f4bb15796838f074ddb54df3f94e03') in 0.016049 seconds 
========================================================================
Received Import Request.
  Time since last request: 256.925338 seconds.
  path: Assets/Scenes/Ex2/LightingData.asset
  artifactKey: Guid(0582eb83d3355c943b988252501057ac) Importer(815301076,1909f56bfc062723c751e8b465ee728b)
Start importing Assets/Scenes/Ex2/LightingData.asset using Guid(0582eb83d3355c943b988252501057ac) Importer(815301076,1909f56bfc062723c751e8b465ee728b)  -> (artifact id: '9c3e04c987aa004597f4dea8bbb0a53a') in 0.005047 seconds 
========================================================================
Received Import Request.
  Time since last request: 0.023808 seconds.
  path: Assets/Scenes/Ex2/Lightmap-0_comp_light.exr
  artifactKey: Guid(8b24944ffff609243bb84ea4a2f9f478) Importer(815301076,1909f56bfc062723c751e8b465ee728b)
Start importing Assets/Scenes/Ex2/Lightmap-0_comp_light.exr using Guid(8b24944ffff609243bb84ea4a2f9f478) Importer(815301076,1909f56bfc062723c751e8b465ee728b)  -> (artifact id: '862ed10e3f9dd6a17c47d0617db2c2d9') in 0.019528 seconds 
========================================================================
Received Import Request.
  Time since last request: 0.000038 seconds.
  path: Assets/Scenes/Ex2/Lightmap-2_comp_dir.png
  artifactKey: Guid(5f6eeb91312f33a4cb2ae70c995ec97d) Importer(815301076,1909f56bfc062723c751e8b465ee728b)
Start importing Assets/Scenes/Ex2/Lightmap-2_comp_dir.png using Guid(5f6eeb91312f33a4cb2ae70c995ec97d) Importer(815301076,1909f56bfc062723c751e8b465ee728b)  -> (artifact id: '0c20949e614f1fe6684b598a1927f635') in 0.026704 seconds 
========================================================================
Received Import Request.
  Time since last request: 0.000048 seconds.
  path: Assets/Scenes/Ex2/Lightmap-2_comp_light.exr
  artifactKey: Guid(a7858336f5ff781419fd8ccbd4fd46b5) Importer(815301076,1909f56bfc062723c751e8b465ee728b)
Start importing Assets/Scenes/Ex2/Lightmap-2_comp_light.exr using Guid(a7858336f5ff781419fd8ccbd4fd46b5) Importer(815301076,1909f56bfc062723c751e8b465ee728b)  -> (artifact id: 'c6ead1df84ca6c2186cce8f9f97f331c') in 0.015873 seconds 
========================================================================
Received Import Request.
  Time since last request: 296.836072 seconds.
  path: Assets/Scenes/Ex2/Lightmap-0_comp_dir.png
  artifactKey: Guid(af1cd1feff3615c40af56f69b6df8bdf) Importer(815301076,1909f56bfc062723c751e8b465ee728b)
Start importing Assets/Scenes/Ex2/Lightmap-0_comp_dir.png using Guid(af1cd1feff3615c40af56f69b6df8bdf) Importer(815301076,1909f56bfc062723c751e8b465ee728b)  -> (artifact id: '7ad4304fca259cf541b60a0f7142027d') in 0.017660 seconds 
========================================================================
Received Import Request.
  Time since last request: 0.010329 seconds.
  path: Assets/Scenes/Ex2/Lightmap-0_comp_shadowmask.png
  artifactKey: Guid(5dc50be4ed408bd4e895aff32bb5c1c9) Importer(815301076,1909f56bfc062723c751e8b465ee728b)
Start importing Assets/Scenes/Ex2/Lightmap-0_comp_shadowmask.png using Guid(5dc50be4ed408bd4e895aff32bb5c1c9) Importer(815301076,1909f56bfc062723c751e8b465ee728b)  -> (artifact id: '1138e6cb19da68f49c19d4dcb116f36b') in 0.022530 seconds 
========================================================================
Received Import Request.
  Time since last request: 0.015105 seconds.
  path: Assets/Scenes/Ex2/Lightmap-0_comp_light.exr
  artifactKey: Guid(8b24944ffff609243bb84ea4a2f9f478) Importer(815301076,1909f56bfc062723c751e8b465ee728b)
Start importing Assets/Scenes/Ex2/Lightmap-0_comp_light.exr using Guid(8b24944ffff609243bb84ea4a2f9f478) Importer(815301076,1909f56bfc062723c751e8b465ee728b)  -> (artifact id: 'd65b80a9c4aed80208196cf220a29aac') in 0.023870 seconds 
========================================================================
Received Import Request.
  Time since last request: 0.000037 seconds.
  path: Assets/Scenes/Ex2/Lightmap-3_comp_dir.png
  artifactKey: Guid(ee7df952076bd654d9d64c3051c9fb51) Importer(815301076,1909f56bfc062723c751e8b465ee728b)
Start importing Assets/Scenes/Ex2/Lightmap-3_comp_dir.png using Guid(ee7df952076bd654d9d64c3051c9fb51) Importer(815301076,1909f56bfc062723c751e8b465ee728b)  -> (artifact id: 'c456d005fe257f957b1dafd27950d806') in 0.019448 seconds 
========================================================================
Received Import Request.
  Time since last request: 0.000037 seconds.
  path: Assets/Scenes/Ex2/Lightmap-4_comp_shadowmask.png
  artifactKey: Guid(b8858ecd1fab84c4ab97be1c78da2ddb) Importer(815301076,1909f56bfc062723c751e8b465ee728b)
Start importing Assets/Scenes/Ex2/Lightmap-4_comp_shadowmask.png using Guid(b8858ecd1fab84c4ab97be1c78da2ddb) Importer(815301076,1909f56bfc062723c751e8b465ee728b)  -> (artifact id: 'a0f326bb0702c3f5c358c12bc7d8e407') in 0.021490 seconds 
========================================================================
Received Import Request.
  Time since last request: 0.000038 seconds.
  path: Assets/Scenes/Ex2/Lightmap-1_comp_dir.png
  artifactKey: Guid(885170e6f45835e4b83029dea06b7ae4) Importer(815301076,1909f56bfc062723c751e8b465ee728b)
Start importing Assets/Scenes/Ex2/Lightmap-1_comp_dir.png using Guid(885170e6f45835e4b83029dea06b7ae4) Importer(815301076,1909f56bfc062723c751e8b465ee728b)  -> (artifact id: 'c3b93f5d52a5223f1fe6fd55dd6bd2a3') in 0.015900 seconds 
========================================================================
Received Import Request.
  Time since last request: 0.000033 seconds.
  path: Assets/Scenes/Ex2/Lightmap-3_comp_shadowmask.png
  artifactKey: Guid(fe2a04a96a9e5b14ebd961a53d08308d) Importer(815301076,1909f56bfc062723c751e8b465ee728b)
Start importing Assets/Scenes/Ex2/Lightmap-3_comp_shadowmask.png using Guid(fe2a04a96a9e5b14ebd961a53d08308d) Importer(815301076,1909f56bfc062723c751e8b465ee728b)  -> (artifact id: '61f0a0fc3e851ffcf8d9954641d00382') in 0.021606 seconds 
========================================================================
Received Import Request.
  Time since last request: 0.000042 seconds.
  path: Assets/Scenes/Ex2/Lightmap-3_comp_light.exr
  artifactKey: Guid(8963b7b5d6989f94aae151dc746d00ee) Importer(815301076,1909f56bfc062723c751e8b465ee728b)
Start importing Assets/Scenes/Ex2/Lightmap-3_comp_light.exr using Guid(8963b7b5d6989f94aae151dc746d00ee) Importer(815301076,1909f56bfc062723c751e8b465ee728b)  -> (artifact id: 'd7604784bbf7856aab0c8486a8bde79c') in 0.019896 seconds 
========================================================================
Received Import Request.
  Time since last request: 0.000042 seconds.
  path: Assets/Scenes/Ex2/Lightmap-2_comp_shadowmask.png
  artifactKey: Guid(088a2a6730852354f87c7c6809b9b9e0) Importer(815301076,1909f56bfc062723c751e8b465ee728b)
Start importing Assets/Scenes/Ex2/Lightmap-2_comp_shadowmask.png using Guid(088a2a6730852354f87c7c6809b9b9e0) Importer(815301076,1909f56bfc062723c751e8b465ee728b)  -> (artifact id: '1752c82feb484fe1c62fe2d1ba013e3a') in 0.018654 seconds 
========================================================================
Received Import Request.
  Time since last request: 0.000030 seconds.
  path: Assets/Scenes/Ex2/Lightmap-2_comp_light.exr
  artifactKey: Guid(a7858336f5ff781419fd8ccbd4fd46b5) Importer(815301076,1909f56bfc062723c751e8b465ee728b)
Start importing Assets/Scenes/Ex2/Lightmap-2_comp_light.exr using Guid(a7858336f5ff781419fd8ccbd4fd46b5) Importer(815301076,1909f56bfc062723c751e8b465ee728b)  -> (artifact id: 'da158413b845fc72b300ad4dc0bb56a5') in 0.015363 seconds 
Editor requested this worker to shutdown with reason: Scaling down because of idle timeout
AssetImportWorker is now disconnected from the server
Process exiting
Exiting without the bug reporter. Application will terminate with return code 0