Using pre-set license
Built from '2021.3/staging' branch; Version is '2021.3.9f1 (ad3870b89536) revision 11352176'; Using compiler version '192829333'; Build Type 'Release'
OS: 'Windows 10  (10.0.19044) 64bit Core' Language: 'ko' Physical Memory: 16075 MB
BatchMode: 1, IsHumanControllingUs: 0, StartBugReporterOnCrash: 0, Is64bit: 1, IsPro: 1

COMMAND LINE ARGUMENTS:
C:\Program Files\Unity\Hub\Editor\2021.3.9f1\Editor\Unity.exe
-adb2
-batchMode
-noUpm
-name
AssetImportWorker1
-projectPath
C:/Unity/P09
-logFile
Logs/AssetImportWorker1.log
-srvPort
62477
Successfully changed project path to: C:/Unity/P09
C:/Unity/P09
[UnityMemory] Configuration Parameters - Can be set up in boot.config
    "memorysetup-bucket-allocator-granularity=16"
    "memorysetup-bucket-allocator-bucket-count=8"
    "memorysetup-bucket-allocator-block-size=33554432"
    "memorysetup-bucket-allocator-block-count=8"
    "memorysetup-main-allocator-block-size=16777216"
    "memorysetup-thread-allocator-block-size=16777216"
    "memorysetup-gfx-main-allocator-block-size=16777216"
    "memorysetup-gfx-thread-allocator-block-size=16777216"
    "memorysetup-cache-allocator-block-size=4194304"
    "memorysetup-typetree-allocator-block-size=2097152"
    "memorysetup-profiler-bucket-allocator-granularity=16"
    "memorysetup-profiler-bucket-allocator-bucket-count=8"
    "memorysetup-profiler-bucket-allocator-block-size=33554432"
    "memorysetup-profiler-bucket-allocator-block-count=8"
    "memorysetup-profiler-allocator-block-size=16777216"
    "memorysetup-profiler-editor-allocator-block-size=1048576"
    "memorysetup-temp-allocator-size-main=16777216"
    "memorysetup-job-temp-allocator-block-size=2097152"
    "memorysetup-job-temp-allocator-block-size-background=1048576"
    "memorysetup-job-temp-allocator-reduction-small-platforms=262144"
    "memorysetup-temp-allocator-size-background-worker=32768"
    "memorysetup-temp-allocator-size-job-worker=262144"
    "memorysetup-temp-allocator-size-preload-manager=33554432"
    "memorysetup-temp-allocator-size-nav-mesh-worker=65536"
    "memorysetup-temp-allocator-size-audio-worker=65536"
    "memorysetup-temp-allocator-size-cloud-worker=32768"
    "memorysetup-temp-allocator-size-gi-baking-worker=262144"
    "memorysetup-temp-allocator-size-gfx=262144"
Refreshing native plugins compatible for Editor in 219.68 ms, found 4 plugins.
Preloading 0 native plugins for Editor in 0.00 ms.
Initialize engine version: 2021.3.9f1 (ad3870b89536)
[Subsystems] Discovering subsystems at path C:/Program Files/Unity/Hub/Editor/2021.3.9f1/Editor/Data/Resources/UnitySubsystems
[Subsystems] Discovering subsystems at path C:/Unity/P09/Assets
GfxDevice: creating device client; threaded=0; jobified=0
Direct3D:
    Version:  Direct3D 11.0 [level 11.1]
    Renderer: Intel(R) Iris(R) Xe Graphics (ID=0x9a49)
    Vendor:   Intel
    VRAM:     8037 MB
    Driver:   30.0.101.1404
Initialize mono
Mono path[0] = 'C:/Program Files/Unity/Hub/Editor/2021.3.9f1/Editor/Data/Managed'
Mono path[1] = 'C:/Program Files/Unity/Hub/Editor/2021.3.9f1/Editor/Data/MonoBleedingEdge/lib/mono/unityjit-win32'
Mono config path = 'C:/Program Files/Unity/Hub/Editor/2021.3.9f1/Editor/Data/MonoBleedingEdge/etc'
Using monoOptions --debugger-agent=transport=dt_socket,embedding=1,server=y,suspend=n,address=127.0.0.1:56428
Begin MonoManager ReloadAssembly
Registering precompiled unity dll's ...
Register platform support module: C:/Program Files/Unity/Hub/Editor/2021.3.9f1/Editor/Data/PlaybackEngines/WindowsStandaloneSupport/UnityEditor.WindowsStandalone.Extensions.dll
Registered in 0.006896 seconds.
Native extension for WindowsStandalone target not found
Refreshing native plugins compatible for Editor in 114.27 ms, found 4 plugins.
Preloading 0 native plugins for Editor in 0.00 ms.
Mono: successfully reloaded assembly
- Completed reload, in  1.371 seconds
Domain Reload Profiling:
	ReloadAssembly (1372ms)
		BeginReloadAssembly (199ms)
			ExecutionOrderSort (0ms)
			DisableScriptedObjects (0ms)
			BackupInstance (0ms)
			ReleaseScriptingObjects (0ms)
			CreateAndSetChildDomain (1ms)
		EndReloadAssembly (940ms)
			LoadAssemblies (195ms)
			RebuildTransferFunctionScriptingTraits (0ms)
			SetupTypeCache (262ms)
			ReleaseScriptCaches (0ms)
			RebuildScriptCaches (43ms)
			SetupLoadedEditorAssemblies (527ms)
				LogAssemblyErrors (0ms)
				InitializePlatformSupportModulesInManaged (30ms)
				SetLoadedEditorAssemblies (0ms)
				RefreshPlugins (114ms)
				BeforeProcessingInitializeOnLoad (1ms)
				ProcessInitializeOnLoadAttributes (292ms)
				ProcessInitializeOnLoadMethodAttributes (89ms)
				AfterProcessingInitializeOnLoad (0ms)
				EditorAssembliesLoaded (0ms)
			ExecutionOrderSort2 (0ms)
			AwakeInstancesAfterBackupRestoration (0ms)
Platform modules already initialized, skipping
Registering precompiled user dll's ...
Registered in 0.010689 seconds.
Begin MonoManager ReloadAssembly
Symbol file LoadedFromMemory doesn't match image C:\Unity\P09\Library\PackageCache\com.unity.visualscripting@1.7.8\Editor\VisualScripting.Core\Dependencies\YamlDotNet\Unity.VisualScripting.YamlDotNet.dll
Symbol file LoadedFromMemory doesn't match image C:\Unity\P09\Library\PackageCache\com.unity.visualscripting@1.7.8\Editor\VisualScripting.Core\Dependencies\DotNetZip\Unity.VisualScripting.IonicZip.dll
Native extension for WindowsStandalone target not found
Refreshing native plugins compatible for Editor in 192.40 ms, found 4 plugins.
Preloading 0 native plugins for Editor in 0.00 ms.
Mono: successfully reloaded assembly
- Completed reload, in  2.211 seconds
Domain Reload Profiling:
	ReloadAssembly (2214ms)
		BeginReloadAssembly (216ms)
			ExecutionOrderSort (0ms)
			DisableScriptedObjects (6ms)
			BackupInstance (0ms)
			ReleaseScriptingObjects (0ms)
			CreateAndSetChildDomain (39ms)
		EndReloadAssembly (1688ms)
			LoadAssemblies (181ms)
			RebuildTransferFunctionScriptingTraits (0ms)
			SetupTypeCache (480ms)
			ReleaseScriptCaches (1ms)
			RebuildScriptCaches (110ms)
			SetupLoadedEditorAssemblies (879ms)
				LogAssemblyErrors (0ms)
				InitializePlatformSupportModulesInManaged (10ms)
				SetLoadedEditorAssemblies (1ms)
				RefreshPlugins (193ms)
				BeforeProcessingInitializeOnLoad (182ms)
				ProcessInitializeOnLoadAttributes (411ms)
				ProcessInitializeOnLoadMethodAttributes (70ms)
				AfterProcessingInitializeOnLoad (13ms)
				EditorAssembliesLoaded (0ms)
			ExecutionOrderSort2 (0ms)
			AwakeInstancesAfterBackupRestoration (18ms)
Platform modules already initialized, skipping
========================================================================
Worker process is ready to serve import requests
Launched and connected shader compiler UnityShaderCompiler.exe after 1.58 seconds
Refreshing native plugins compatible for Editor in 1.27 ms, found 4 plugins.
Preloading 0 native plugins for Editor in 0.00 ms.
Unloading 4075 Unused Serialized files (Serialized files now loaded: 0)
Unloading 38 unused Assets / (55.7 KB). Loaded Objects now: 4532.
Memory consumption went from 151.4 MB to 151.3 MB.
Total: 11.687400 ms (FindLiveObjects: 0.493500 ms CreateObjectMapping: 0.676100 ms MarkObjects: 10.305000 ms  DeleteObjects: 0.210700 ms)

AssetImportParameters requested are different than current active one (requested -> active):
  custom:video-decoder-ogg-theora: a1e56fd34408186e4bbccfd4996cb3dc -> 
  custom:container-muxer-webm: aa71ff27fc2769a1b78a27578f13a17b -> 
  custom:container-demuxer-webm: 4f35f7cbe854078d1ac9338744f61a02 -> 
  custom:video-encoder-webm-vp8: eb34c28f22e8b96e1ab97ce403110664 -> 
  custom:audio-encoder-webm-vorbis: bf7c407c2cedff20999df2af8eb42d56 -> 
  custom:framework-win-MediaFoundation: 216162199b28c13a410421893ffa2e32 -> 
  custom:container-demuxer-ogg: 62fdf1f143b41e24485cea50d1cbac27 -> 
  custom:video-decoder-webm-vp8: 9c59270c3fd7afecdb556c50c9e8de78 -> 
  custom:audio-decoder-ogg-vorbis: bf7c407c2cedff20999df2af8eb42d56 -> 
========================================================================
Received Import Request.
  Time since last request: 1822372.688520 seconds.
  path: Assets/Scenes/MainMenu.unity
  artifactKey: Guid(a26191b023d3411499ba9f8bc965eef6) Importer(815301076,1909f56bfc062723c751e8b465ee728b)
Start importing Assets/Scenes/MainMenu.unity using Guid(a26191b023d3411499ba9f8bc965eef6) Importer(815301076,1909f56bfc062723c751e8b465ee728b)  -> (artifact id: 'fc7f702b7650fa6f0193949f2fa4463e') in 0.047639 seconds 
========================================================================
Received Import Request.
  Time since last request: 524.920814 seconds.
  path: Assets/Sprites/3.png
  artifactKey: Guid(5bdefd2d5ff8f6b42a7d0c50201e42a0) Importer(815301076,1909f56bfc062723c751e8b465ee728b)
Start importing Assets/Sprites/3.png using Guid(5bdefd2d5ff8f6b42a7d0c50201e42a0) Importer(815301076,1909f56bfc062723c751e8b465ee728b)  -> (artifact id: '511318719a6b728767e0db5e33de0dc8') in 0.328424 seconds 
========================================================================
Received Import Request.
  Time since last request: 0.000049 seconds.
  path: Assets/Sprites/4.png
  artifactKey: Guid(468039b037965094cadbf78a976b090c) Importer(815301076,1909f56bfc062723c751e8b465ee728b)
Start importing Assets/Sprites/4.png using Guid(468039b037965094cadbf78a976b090c) Importer(815301076,1909f56bfc062723c751e8b465ee728b)  -> (artifact id: '2f950f12efca12c9b67e83c8dde4c475') in 0.043703 seconds 
========================================================================
Received Import Request.
  Time since last request: 5.046655 seconds.
  path: Assets/Sprites/main.png
  artifactKey: Guid(dc666f34936ab5c4e9cd2f614d935fc1) Importer(815301076,1909f56bfc062723c751e8b465ee728b)
Start importing Assets/Sprites/main.png using Guid(dc666f34936ab5c4e9cd2f614d935fc1) Importer(815301076,1909f56bfc062723c751e8b465ee728b)  -> (artifact id: 'bb0e522fa5af757adff32eeffd32c312') in 0.023752 seconds 
========================================================================
Received Import Request.
  Time since last request: 53.560086 seconds.
  path: Assets/Sprites/1 Tiles/Box1.png
  artifactKey: Guid(7cfdb2e48b34aa745aeb58fd198f0146) Importer(815301076,1909f56bfc062723c751e8b465ee728b)
Start importing Assets/Sprites/1 Tiles/Box1.png using Guid(7cfdb2e48b34aa745aeb58fd198f0146) Importer(815301076,1909f56bfc062723c751e8b465ee728b)  -> (artifact id: '04acaa1d72954efc060258f647e98770') in 0.033815 seconds 
========================================================================
Received Import Request.
  Time since last request: 0.000075 seconds.
  path: Assets/Sprites/1 Tiles/IndustrialTile_32.png
  artifactKey: Guid(64788b34b40f65d48a826058fc7f4f50) Importer(815301076,1909f56bfc062723c751e8b465ee728b)
Start importing Assets/Sprites/1 Tiles/IndustrialTile_32.png using Guid(64788b34b40f65d48a826058fc7f4f50) Importer(815301076,1909f56bfc062723c751e8b465ee728b)  -> (artifact id: '232e00fced63e47eaff4e3af8e8c5d4c') in 0.028560 seconds 
========================================================================
Received Import Request.
  Time since last request: 0.000027 seconds.
  path: Assets/Sprites/1 Tiles/IndustrialTile_16.png
  artifactKey: Guid(a3a3cc98f316a434997428dfc110d23f) Importer(815301076,1909f56bfc062723c751e8b465ee728b)
Start importing Assets/Sprites/1 Tiles/IndustrialTile_16.png using Guid(a3a3cc98f316a434997428dfc110d23f) Importer(815301076,1909f56bfc062723c751e8b465ee728b)  -> (artifact id: '34a242e91e4b50626842a9883cd4ac50') in 0.034703 seconds 
========================================================================
Received Import Request.
  Time since last request: 0.000041 seconds.
  path: Assets/Sprites/1 Tiles/IndustrialTile_22.png
  artifactKey: Guid(6f5aa090519d121498f08bb86dc8347a) Importer(815301076,1909f56bfc062723c751e8b465ee728b)
Start importing Assets/Sprites/1 Tiles/IndustrialTile_22.png using Guid(6f5aa090519d121498f08bb86dc8347a) Importer(815301076,1909f56bfc062723c751e8b465ee728b)  -> (artifact id: 'c55d660b0aaf2f9fc803b41cd3efab71') in 0.026920 seconds 
========================================================================
Received Import Request.
  Time since last request: 0.000025 seconds.
  path: Assets/Sprites/1 Tiles/IndustrialTile_08.png
  artifactKey: Guid(5f5c0bd1a461d154e864c3667002af4c) Importer(815301076,1909f56bfc062723c751e8b465ee728b)
Start importing Assets/Sprites/1 Tiles/IndustrialTile_08.png using Guid(5f5c0bd1a461d154e864c3667002af4c) Importer(815301076,1909f56bfc062723c751e8b465ee728b)  -> (artifact id: '4b1b7d79640bec8cb74933fc8f1ef18b') in 0.024867 seconds 
========================================================================
Received Import Request.
  Time since last request: 0.000025 seconds.
  path: Assets/Sprites/1 Tiles/IndustrialTile_04.png
  artifactKey: Guid(c48fd1259edb54e42848cb65ae53017c) Importer(815301076,1909f56bfc062723c751e8b465ee728b)
Start importing Assets/Sprites/1 Tiles/IndustrialTile_04.png using Guid(c48fd1259edb54e42848cb65ae53017c) Importer(815301076,1909f56bfc062723c751e8b465ee728b)  -> (artifact id: '6bde6d26ebc46fc0a21d615d9f1c2fb9') in 0.023811 seconds 
========================================================================
Received Import Request.
  Time since last request: 0.000034 seconds.
  path: Assets/Sprites/1 Tiles/Ladder2.png
  artifactKey: Guid(636a66cb4f264d646963df3bbe487fae) Importer(815301076,1909f56bfc062723c751e8b465ee728b)
Start importing Assets/Sprites/1 Tiles/Ladder2.png using Guid(636a66cb4f264d646963df3bbe487fae) Importer(815301076,1909f56bfc062723c751e8b465ee728b)  -> (artifact id: 'de280d946ec7bb251d34b03f71f58c9a') in 0.025553 seconds 
========================================================================
Received Import Request.
  Time since last request: 0.000034 seconds.
  path: Assets/Sprites/1 Tiles/Ladder32-Sheet-export.png
  artifactKey: Guid(1131169f6ba2cab408c4f8bbb3ccbf13) Importer(815301076,1909f56bfc062723c751e8b465ee728b)
Start importing Assets/Sprites/1 Tiles/Ladder32-Sheet-export.png using Guid(1131169f6ba2cab408c4f8bbb3ccbf13) Importer(815301076,1909f56bfc062723c751e8b465ee728b)  -> (artifact id: '3087c73971747bf8b232c23412ea012d') in 0.035039 seconds 
========================================================================
Received Import Request.
  Time since last request: 0.000035 seconds.
  path: Assets/Sprites/1 Tiles/Ladder1.png
  artifactKey: Guid(b2cfe375cadcae949b8ad0dc4cfcbc01) Importer(815301076,1909f56bfc062723c751e8b465ee728b)
Start importing Assets/Sprites/1 Tiles/Ladder1.png using Guid(b2cfe375cadcae949b8ad0dc4cfcbc01) Importer(815301076,1909f56bfc062723c751e8b465ee728b)  -> (artifact id: 'ed9658dc4f3b1fa796d53c22db988d23') in 0.023619 seconds 
========================================================================
Received Import Request.
  Time since last request: 4.465725 seconds.
  path: Assets/Sprites/Sprites/ui-large-buttons-vertical.png
  artifactKey: Guid(dd5ae24496720ce458d91e11a1a17e38) Importer(815301076,1909f56bfc062723c751e8b465ee728b)
Start importing Assets/Sprites/Sprites/ui-large-buttons-vertical.png using Guid(dd5ae24496720ce458d91e11a1a17e38) Importer(815301076,1909f56bfc062723c751e8b465ee728b)  -> (artifact id: '635d59b694bcf3c06e2c4d77428c604a') in 0.024252 seconds 
========================================================================
Received Import Request.
  Time since last request: 0.000041 seconds.
  path: Assets/Sprites/Sprites/ui-small-icons.png
  artifactKey: Guid(41fb7f073a31c3a46a66480f7833c51a) Importer(815301076,1909f56bfc062723c751e8b465ee728b)
Start importing Assets/Sprites/Sprites/ui-small-icons.png using Guid(41fb7f073a31c3a46a66480f7833c51a) Importer(815301076,1909f56bfc062723c751e8b465ee728b)  -> (artifact id: '785bb77c08aae73b3f7048ec3aa87779') in 0.022458 seconds 
Editor requested this worker to shutdown with reason: Scaling down because of idle timeout
AssetImportWorker is now disconnected from the server
Process exiting
Exiting without the bug reporter. Application will terminate with return code 0